0:100  0:100  MemLog inited, TSC freq: 2294784343
0:100  0:000  CPU was calibrated with ACPI PM Timer
0:100  0:000  
0:100  0:000  Now is 08.10.2020,  19:09:09 (GMT)
0:100  0:000  Starting Clover revision: 5119 (master, commit 0f5da727e) on American Megatrends EFI
0:100  0:000  Build with: [Args: -D NO_GRUB_DRIVERS_EMBEDDED -t GCC53 | -D NO_GRUB_DRIVERS_EMBEDDED --conf=/Users/sergey/src/Clover/Conf -D USE_LOW_EBDA -a X64 -b RELEASE -t GCC53 -n 5 | OS: 10.14.6]
0:100  0:000  SelfDevicePath=PciRoot(0x0)\Pci(0x1F,0x2)\Sata(0x0,0xFFFF,0x0)\HD(1,GPT,000003F7-A590-5D8A-B9EC-D501EE070000,0x800,0x64000) @BC5B7D18
0:100  0:000  SelfDirPath = \EFI\CLOVER
0:100  0:000  Clover : Image base = 0xB2645000
0:100  0:000  SimpleTextEx Status=Success
0:100  0:000  === [ Get Smbios ] ==============================
0:100  0:000  Type 16 Index = 0
0:100  0:000  Total Memory Slots Count = 4
0:100  0:000  Type 17 Index = 0
0:100  0:000  SmbiosTable.Type17->Speed = 1333MHz
0:100  0:000  SmbiosTable.Type17->Size = 8192MB
0:100  0:000  SmbiosTable.Type17->Bank/Device = BANK 0 ChannelA-DIMM0
0:100  0:000  SmbiosTable.Type17->Vendor = 0080
0:100  0:000  SmbiosTable.Type17->SerialNumber = 00000226
0:100  0:000  SmbiosTable.Type17->PartNumber =                   
0:100  0:000  Type 17 Index = 1
0:100  0:000  Ignoring insane frequency value 0MHz
0:100  0:000  SmbiosTable.Type17->Speed = 0MHz
0:100  0:000  SmbiosTable.Type17->Size = 0MB
0:100  0:000  SmbiosTable.Type17->Bank/Device = BANK 1 ChannelA-DIMM1
0:100  0:000  SmbiosTable.Type17->Vendor = 
0:100  0:000  SmbiosTable.Type17->SerialNumber = 
0:100  0:000  SmbiosTable.Type17->PartNumber = 
0:100  0:000  Type 17 Index = 2
0:100  0:000  SmbiosTable.Type17->Speed = 1333MHz
0:100  0:000  SmbiosTable.Type17->Size = 2048MB
0:100  0:000  SmbiosTable.Type17->Bank/Device = BANK 2 ChannelB-DIMM0
0:100  0:000  SmbiosTable.Type17->Vendor = Micron
0:100  0:000  SmbiosTable.Type17->SerialNumber = 00000000
0:100  0:000  SmbiosTable.Type17->PartNumber = 8KTF25664HZ-1G6M1 
0:100  0:000  Type 17 Index = 3
0:100  0:000  Ignoring insane frequency value 0MHz
0:100  0:000  SmbiosTable.Type17->Speed = 0MHz
0:100  0:000  SmbiosTable.Type17->Size = 0MB
0:100  0:000  SmbiosTable.Type17->Bank/Device = BANK 3 ChannelB-DIMM1
0:100  0:000  SmbiosTable.Type17->Vendor = 
0:100  0:000  SmbiosTable.Type17->SerialNumber = 
0:100  0:000  SmbiosTable.Type17->PartNumber = 
0:100  0:000  Boot status=0
0:100  0:000  Running on: 'X45C' with board 'X45C'
0:100  0:000  === [ GetCPUProperties ] ========================
0:100  0:000  CPU Vendor = 756E6547 Model=206A7
0:100  0:000   The CPU supported SSE4.1
0:100  0:000  BrandString = Intel(R) Core(TM) i3-2350M CPU @ 2.30GHz
0:100  0:000   The CPU not supported turbo
0:100  0:000  MSR 0x35               20004
0:100  0:000  MSR 0xE2 before patch 1E008404
0:100  0:000  MSR 0xE2 is locked, PM patches will be turned on
0:100  0:000  MSR 0xCE              00000800_60011700
0:100  0:000  corrected FLEX_RATIO = 0
0:100  0:000  MSR 0x1B0             00000000
0:100  0:000  FSBFrequency = 100 MHz, DMI FSBFrequency = 100 MHz, Corrected FSBFrequency = 100 MHz
0:100  0:000  MaxDiv/MinDiv: 23.0/8
0:100  0:000  Turbo: 23/23/23/23
0:100  0:000  Features: 0x15BAE3BFBFEBFBFF
0:100  0:000  Threads: 4
0:100  0:000  Cores: 2
0:100  0:000  FSB: 100 MHz
0:100  0:000  CPU: 2300 MHz
0:100  0:000  TSC: 2300 MHz
0:100  0:000  PIS: 100 MHz
0:100  0:000  ExternalClock: 25 MHz
0:100  0:000  === [ GetDevices ] ==============================
0:100  0:000  GOP found at: PciRoot(0x0)/Pci(0x2,0x0)/AcpiAdr(0x80010100)
0:100  0:000  PCI (00|00:00.00) : 8086 0104 class=060000
0:100  0:000  PCI (00|00:02.00) : 8086 0116 class=030000
0:100  0:000   - GOP: Provided by device
0:100  0:000   - GFX: Model=Intel HD Graphics 3000 (Intel)
0:100  0:000  PCI (00|00:16.00) : 8086 1E3A class=078000
0:100  0:000  PCI (00|00:16.01) : FFFF FFFF class=FFFFFF
0:100  0:000  PCI (00|00:1A.00) : 8086 1E2D class=0C0320
0:100  0:000  PCI (00|00:1B.00) : 8086 1E20 class=040300
0:100  0:000  PCI (00|00:1C.00) : 8086 1E10 class=060400
0:100  0:000  PCI (00|00:1C.01) : 8086 1E12 class=060400
0:100  0:000  PCI (00|02:00.00) : 168C 0032 class=028000
0:100  0:000   - WIFI: Vendor=5772 = Atheros
0:100  0:000  PCI (00|00:1C.03) : 8086 1E16 class=060400
0:100  0:000  PCI (00|03:00.00) : 10EC 5289 class=FF0000
0:100  0:000  PCI (00|03:00.02) : 10EC 8168 class=020000
0:100  0:000   - LAN: 0 Vendor=Realtek
0:100  0:000  PCI (00|00:1D.00) : 8086 1E26 class=0C0320
0:100  0:000  PCI (00|00:1F.00) : 8086 1E59 class=060100
0:100  0:000  PCI (00|00:1F.02) : 8086 1E03 class=010601
0:100  0:000  PCI (00|00:1F.03) : 8086 1E22 class=0C0500
0:100  0:000  PCI (00|00:1F.06) : FFFF FFFF class=FFFFFF
0:100  0:000  === [ GetDefaultSettings ] ======================
0:100  0:000  Clover load options size = 0 bytes
0:102  0:002  CheckOEMPathExists tried EFI\CLOVER\OEM\X45C--00-00-00-00-00-00. Dir not exists
0:102  0:000  CheckOEMPathExists tried EFI\CLOVER\OEM\X45C\UEFI. Dir not exists
0:102  0:000  CheckOEMPathExists tried EFI\CLOVER\OEM\X45C. Dir not exists
0:102  0:000  CheckOEMPathExists tried EFI\CLOVER\OEM\X45C-2300. Dir not exists
0:102  0:000  CheckOEMPathExists tried EFI\CLOVER\OEM\X45C. Dir not exists
0:102  0:000  CheckOEMPathExists tried EFI\CLOVER\OEM\X45C-2300. Dir not exists
0:102  0:000  set OEMPath by default: EFI\CLOVER
0:107  0:004  EFI\CLOVER\config.plist loaded: Success
0:107  0:000  === [ GetListOfThemes ] =========================
0:108  0:001  - [00]: EMBEDDED
0:109  0:001  - [00]: RANDOM
0:110  0:001  === [ Found config plists ] =====================
0:110  0:000  - config.plist
0:110  0:000  === [ GetEarlyUserSettings ] ====================
0:110  0:000  timeout set to 15
0:110  0:000  Custom boot CUSTOM_BOOT_DISABLED (0x0)
0:110  0:000   get BlueValue=1.200000
0:110  0:000  ForceKextsToLoad: 1 requested
0:110  0:000   - [0]: System\Library\Extensions\IONetworkingFamily.kext
0:110  0:000  KextsToPatch: 3 requested
0:110  0:000   - [00]: com.apple.iokit.IOAHCIBlockStorage (Enable TRIM for SSD) :: BinPatch :: data len: 11
0:110  0:000   - [01]: com.apple.iokit.IOUSBHostFamily (USB Port limit patch #1/2 10.15.x (credit DalianSky)) :: MatchOS: 10.15.x :: BinPatch :: data len: 4
0:110  0:000   - [02]: com.apple.driver.usb.AppleUSBXHCI (USB Port limit patch #2/2 10.15.x (credit DalianSky)) :: MatchOS: 10.15.x :: BinPatch :: data len: 4
0:110  0:000  KernelToPatch: 2 requested
0:110  0:000   - [00]: Disable panic kext logging on 10.13 release kernel (credit vit9696) :: MatchOS: 10.13.x :: data len: 6
0:110  0:000   - [01]: Disable panic kext logging on 10.14 release kernel (credit vit9696) :: MatchOS: 10.14.x :: data len: 6
0:110  0:000  Default theme: BeautyX
0:110  0:000  Hiding entries with string Preboot
0:110  0:000  === [ LoadDrivers ] =============================
0:115  0:004  Loading ApfsDriverLoader.efi  status=Success
0:117  0:001   - driver needs connecting
0:117  0:000  Loading AppleImageCodec.efi  status=Success
0:118  0:001  Loading AudioDxe.efi  status=Success
0:119  0:001   - driver needs connecting
0:119  0:000  Loading CsmVideoDxe.efi  status=Success
0:121  0:001   - driver needs connecting
0:121  0:000  Loading DataHubDxe.efi  status=Success
0:166  0:045  Loading EmuVariableUefi.efi  status=Success
0:167  0:001  EmuVariableUefi Initialize: VariableCommonInitialize = Success, orig services stored, install gEmuVariableControlProtocolGuid = Success
0:168  0:000  Loading EnglishDxe.efi  status=Success
0:169  0:001  Loading Fat.efi  status=Success
0:170  0:001   - driver needs connecting
0:170  0:000  Loading FSInject.efi  status=Success
0:172  0:001  Loading HFSPlus.efi  status=Success
0:173  0:001   - driver needs connecting
0:173  0:000  Loading OsxAptioFixDrv.efi  status=Success
0:174  0:001  Loading Ps2MouseDxe.efi  status=Success
0:175  0:001   - driver needs connecting
0:175  0:000  Loading SMCHelper.efi  status=Success
0:177  0:001  Loading VBoxExt4.efi  status=Success
0:178  0:001   - driver needs connecting
0:178  0:000  7 drivers needs connecting ...
0:178  0:000  PlatformDriverOverrideProtocol not found. Installing ... Success
0:178  0:000  HFS+ driver loaded
0:178  0:000  APFS driver loaded
0:178  0:000  Video driver loaded: disconnect Success
0:294  0:115  Searching for invalid DiskIo BY_DRIVER connects: not found, all ok
4:917  4:622  EmuVariable InstallEmulation: orig vars copied, emu.var.services installed, CreateEvent VirtualAddressChange = Success, CreateEvent ExitBootServices = Success, set Status=Success
4:925  0:008  === [ InitScreen ] ==============================
4:925  0:000  Console modes reported: 4, available modes:
4:925  0:000   - [01]: 80x25 (current mode)
4:925  0:000   - [03]: 100x31
4:925  0:000   - [04]: 128x40
4:925  0:000  SetScreenResolution: 1366x768 - not found!
4:925  0:000  SetScreenResolution: 1024x768 - already set
4:925  0:000  reinit: self device path=PciRoot(0x0)\Pci(0x1F,0x2)\Sata(0x0,0xFFFF,0x0)\HD(1,GPT,000003F7-A590-5D8A-B9EC-D501EE070000,0x800,0x64000)
4:925  0:000  new SelfHandle=BC5B7D18
4:928  0:002  Using embedded font
4:929  0:001  === [ GetMacAddress ] ===========================
4:929  0:000  === [ ScanSPD ] =================================
4:929  0:000  Scanning SMBus [8086:1E22], mmio: 0xF7E05004, ioport: 0xF040, hostc: 0x1
4:949  0:019  Slot: 0 Type 24 8192MB 1600MHz Vendor=NoName PartNo=0 SerialNo=00000226
4:950  0:000  === [ GetAcpiTablesList ] =======================
4:950  0:000  Get Acpi Tables List from RSDT:
4:950  0:000   - [00]: FACP  Notebook len=132
4:950  0:000   - [01]: APIC  Notebook len=114
4:950  0:000   - [02]: FPDT  Notebook len=68
4:950  0:000   - [03]: ECDT  Notebook len=193
4:950  0:000   - [04]: MCFG  Notebook len=60
4:950  0:000   - [05]: HPET  Notebook len=56
4:950  0:000   - [06]: SSDT  AhciTab1 len=1586
4:950  0:000   - [07]: SSDT  AhciTab2 len=1182
4:950  0:000   - [08]: SSDT  Cpu0Ist len=2512
4:950  0:000   - [09]: SSDT  CpuPm len=2706
4:950  0:000  Calibrated TSC Frequency = 2294784343 = 2294MHz
4:950  0:000  === [ GetUserSettings ] =========================
4:950  0:000  Add 2 devices (kTagTypeDict):
4:951  0:000  Add 8 properties:
4:951  0:000   - [00]: NVidia Key: name, len: 9
4:951  0:000   - [01]: NVidia Key: IOName, len: 9
4:951  0:000   - [02]: NVidia Key: class-code, len: 4
4:951  0:000   - [03]: ATI Key: name, len: 9
4:951  0:000   - [04]: ATI Key: IOName, len: 9
4:951  0:000   - [05]: ATI Key: class-code, len: 4
4:951  0:000   - [06]: ATI Key: vendor-id, len: 4
4:951  0:000   - [07]: ATI Key: device-id, len: 4
4:951  0:000  USB FixOwnership: yes
4:951  0:000  Dropping 2 tables:
4:951  0:000   - [00]: Drop table  signature="#MCF" (46434D23)
4:951  0:000  ----
4:951  0:000           - set table: 46434D23,                0 to drop: no
4:951  0:000   - [01]: Drop table  signature="DMAR" (52414D44)
4:951  0:000  ----
4:951  0:000           - set table: 52414D44,                0 to drop: no
4:951  0:000   - final DSDT Fix mask=00080011
4:951  0:000  PatchesDSDT: 10 requested
4:951  0:000   - [00]: (change OSID to XSID (to avoid match against _OSI XOSI patch)) lenToFind: 4, lenToReplace: 4, Target Bridge: 
4:951  0:000    patch disabled at config
4:951  0:000   - [01]: (change _OSI to XOSI) lenToFind: 4, lenToReplace: 4, Target Bridge: 
4:951  0:000    patch disabled at config
4:951  0:000   - [02]: (change _DSM to XDSM) lenToFind: 4, lenToReplace: 4, Target Bridge: 
4:951  0:000    patch disabled at config
4:951  0:000   - [03]: (change EC0 to EC) lenToFind: 4, lenToReplace: 4, Target Bridge: 
4:951  0:000    patch disabled at config
4:951  0:000   - [04]: (change H_EC to EC) lenToFind: 4, lenToReplace: 4, Target Bridge: 
4:951  0:000    patch disabled at config
4:951  0:000   - [05]: (change EHC1 to EH01) lenToFind: 4, lenToReplace: 4, Target Bridge: 
4:951  0:000   - [06]: (change EHC2 to EH02) lenToFind: 4, lenToReplace: 4, Target Bridge: 
4:951  0:000   - [07]: (change GFX0 to IGPU) lenToFind: 4, lenToReplace: 4, Target Bridge: 
4:951  0:000   - [08]: (change PCI0.VID to IGPU #1 (Thinkpad)) lenToFind: 8, lenToReplace: 8, Target Bridge: 
4:951  0:000   - [09]: (change PCI0.VID to IGPU #2 (Thinkpad)) lenToFind: 14, lenToReplace: 14, Target Bridge: 
4:951  0:000  Using ProductName from config: MacBookPro10,1
4:951  0:000  Using latest BiosVersion from config
4:951  0:000  BiosVersion: MBP101.88Z.F000.B00.1905251203
4:951  0:000  BiosReleaseDate: 05/25/2019
4:951  0:000  Using latest EfiVersion from clover: 261.0.0.0.0
4:951  0:000  Using FirmwareFeatures from config: 0xE00DE137
4:951  0:000  Using FirmwareFeaturesMask from config: 0xFF1FFF3F
4:951  0:000  Board-ID set from config as Mac-C3EC7CD22292981F
4:951  0:000  BoardType: 0xA
4:951  0:000  ChassisType: 0xA
4:953  0:002  === [ Found DSDT tables ] =======================
4:953  0:000  - DSDT.AML
6:235  1:281  === [ ScanVolumes ] =============================
6:235  0:000  Found 10 volumes with blockIO
6:235  0:000  - [00]: Volume: PciRoot(0x0)\Pci(0x1F,0x2)\Sata(0x0,0xFFFF,0x0)
6:236  0:000          Result of bootcode detection: bootable unknown (legacy)
6:236  0:000  - [01]: Volume: PciRoot(0x0)\Pci(0x1F,0x2)\Sata(0x0,0xFFFF,0x0)\HD(1,GPT,000003F7-A590-5D8A-B9EC-D501EE070000,0x800,0x64000)
6:236  0:000          Result of bootcode detection: bootable unknown (legacy)
6:244  0:007          This is SelfVolume !!
6:244  0:000  - [02]: Volume: PciRoot(0x0)\Pci(0x1F,0x2)\Sata(0x0,0xFFFF,0x0)\HD(2,GPT,0002B801-F8F0-DDA6-B9EC-D70102700500,0x64800,0x7815800)
6:245  0:000          Result of bootcode detection: bootable Windows (vista,win)
6:245  0:000  - [03]: Volume: PciRoot(0x0)\Pci(0x1F,0x2)\Sata(0x0,0xFFFF,0x0)\HD(3,GPT,9787A6B0-ECBA-01D5-5883-82495DF6EA00,0x787A000,0x5549000)
6:245  0:000  - [04]: Volume: PciRoot(0x0)\Pci(0x1F,0x2)\Sata(0x0,0xFFFF,0x0)\HD(4,GPT,87022700-92A6-4028-9857-C522EDD25968,0xCDC3000,0x8199808)
6:246  0:000          Result of bootcode detection: bootable unknown (legacy)
6:246  0:000  - [05]: Volume: PciRoot(0x0)\Pci(0x1F,0x2)\Sata(0x0,0xFFFF,0x0)\HD(4,GPT,87022700-92A6-4028-9857-C522EDD25968,0xCDC3000,0x8199808)\VenMedia(BE74FCF7-0B7C-49F3-9147-01F4042E6842,8E96CE286CD8364C8445EB2364807D45)
6:246  0:000          hiding this volume
6:246  0:000  - [06]: Volume: PciRoot(0x0)\Pci(0x1F,0x2)\Sata(0x0,0xFFFF,0x0)\HD(4,GPT,87022700-92A6-4028-9857-C522EDD25968,0xCDC3000,0x8199808)\VenMedia(BE74FCF7-0B7C-49F3-9147-01F4042E6842,355F5313E5D10F4082858FEB70F095F5)
6:246  0:000  - [07]: Volume: PciRoot(0x0)\Pci(0x1F,0x2)\Sata(0x0,0xFFFF,0x0)\HD(4,GPT,87022700-92A6-4028-9857-C522EDD25968,0xCDC3000,0x8199808)\VenMedia(BE74FCF7-0B7C-49F3-9147-01F4042E6842,D26009B44CBEDE4FB170420E49C5BDB9)
6:246  0:000  - [08]: Volume: PciRoot(0x0)\Pci(0x1F,0x2)\Sata(0x0,0xFFFF,0x0)\HD(4,GPT,87022700-92A6-4028-9857-C522EDD25968,0xCDC3000,0x8199808)\VenMedia(BE74FCF7-0B7C-49F3-9147-01F4042E6842,88C671669BA0D54095245081DE8C8910)
6:246  0:000  - [09]: Volume: PciRoot(0x0)\Pci(0x1F,0x2)\Sata(0x0,0xFFFF,0x0)\HD(4,GPT,87022700-92A6-4028-9857-C522EDD25968,0xCDC3000,0x8199808)\VenMedia(BE74FCF7-0B7C-49F3-9147-01F4042E6842,A8167A7153A58940B36321F647A92344)
6:246  0:000  Searching volumes for latest nvram.plist ...
6:247  0:000  Loading nvram.plist from Vol 'EFI' -  begin load gNvramDict=0x0
6:248  0:001   loaded, size=4038
6:275  0:027  loaded Status=Success
6:275  0:000  === [ PutNvramPlistToRtVars ] ===================
6:276  0:000   Adding Key: Clover.KeepBackupLimit: Size = 1, Data: 30 
6:276  0:000   Adding Key: Clover.MountEFI: Size = 36, Data: 30 30 30 30 30 33 46 37 2D 41 35 39 30 2D 35 44 38 41 2D 42 39 45 43 2D 44 35 30 31 45 45 30 37 30 30 30 30 
6:276  0:000   Adding Key: Clover.NVRamDisk: Size = 3, Data: 59 65 73 
6:276  0:000   Adding Key: Clover.SoundDevice: Size = 46, Data: 02 01 0C 00 D0 41 03 0A 00 00 00 00 01 01 06 00 00 1B 03 0A 18 00 EB 3F 00 A9 06 D8 DB 41 A4 91 54 05 FE EF 46 C3 00 00 00 00 7F FF 04 00 
6:276  0:000   Adding Key: Clover.SoundIndex: Size = 1, Data: 00 
6:276  0:000   Adding Key: Clover.SoundVolume: Size = 1, Data: 46 
6:276  0:000   Adding Key: EFILoginHiDPI: Size = 4, Data: 00 00 00 00 
6:276  0:000   Skipping EmuVariableUefiPresent
6:276  0:000   Skipping OsxAptioFixDrv-RelocBase
6:276  0:000   Adding Key: SystemAudioVolume: Size = 1, Data: 46 
6:276  0:000   Adding Key: SystemAudioVolumeDB: Size = 1, Data: ED 
6:276  0:000   Adding Key: backlight-level: Size = 2, Data: 72 01 
6:276  0:000   Adding Key: boot-args: String: Size = 42, Val = '-v keepsyms=1 alcid=21 -no_compat_check -v'
6:276  0:000   Adding Key: csr-active-config: Size = 4, Data: 67 00 00 00 
6:276  0:000   Adding Key: efi-backup-boot-device: Size = 216, Data: 3C 61 72 72 61 79 3E 3C 64 69 63 74 3E 3C 6B 65 79 3E 49 4F 4D 61 74 63 68 3C 2F 6B 65 79 3E 3C 64 69 63 74 3E 3C 6B 65 79 3E 49 4F 50 72 6F 76 69 64 65 72 43 6C 61 73 73 3C 2F 6B 65 79 3E 3C 73 74 72 69 6E 67 3E 49 4F 4D 65 64 69 61 3C 2F 73 74 72 69 6E 67 3E 3C 6B 65 79 3E 49 4F 50 72 6F 70 65 72 74 79 4D 61 74 63 68 3C 2F 6B 65 79 3E 3C 64 69 63 74 3E 3C 6B 65 79 3E 55 55 49 44 3C 2F 6B 65 79 3E 3C 73 74 72 69 6E 67 3E 39 45 30 32 36 44 35 34 2D 45 30 39 39 2D 34 38 41 42 2D 39 38 39 35 2D 36 44 44 36 36 39 39 35 45 33 30 35 3C 2F 73 74 72 69 6E 67 3E 3C 2F 64 69 63 74 3E 3C 2F 64 69 63 74 3E 3C 2F 64 69 63 74 3E 3C 2F 61 72 72 61 79 3E 
6:276  0:000   Adding Key: efi-backup-boot-device-data: Size = 76, Data: 02 01 0C 00 D0 41 03 0A 00 00 00 00 01 01 06 00 00 14 03 05 06 00 00 00 03 05 06 00 00 00 04 01 2A 00 02 00 00 00 28 40 06 00 00 00 00 00 A0 5D C6 00 00 00 00 00 54 6D 02 9E 99 E0 AB 48 98 95 6D D6 69 95 E3 05 02 02 7F FF 04 00 
6:276  0:000   Adding Key: efi-boot-device: Size = 216, Data: 3C 61 72 72 61 79 3E 3C 64 69 63 74 3E 3C 6B 65 79 3E 49 4F 4D 61 74 63 68 3C 2F 6B 65 79 3E 3C 64 69 63 74 3E 3C 6B 65 79 3E 49 4F 50 72 6F 76 69 64 65 72 43 6C 61 73 73 3C 2F 6B 65 79 3E 3C 73 74 72 69 6E 67 3E 49 4F 4D 65 64 69 61 3C 2F 73 74 72 69 6E 67 3E 3C 6B 65 79 3E 49 4F 50 72 6F 70 65 72 74 79 4D 61 74 63 68 3C 2F 6B 65 79 3E 3C 64 69 63 74 3E 3C 6B 65 79 3E 55 55 49 44 3C 2F 6B 65 79 3E 3C 73 74 72 69 6E 67 3E 38 37 30 32 32 37 30 30 2D 39 32 41 36 2D 34 30 32 38 2D 39 38 35 37 2D 43 35 32 32 45 44 44 32 35 39 36 38 3C 2F 73 74 72 69 6E 67 3E 3C 2F 64 69 63 74 3E 3C 2F 64 69 63 74 3E 3C 2F 64 69 63 74 3E 3C 2F 61 72 72 61 79 3E 
6:276  0:000   Adding Key: efi-boot-device-data: Size = 110, Data: 02 01 0C 00 D0 41 03 0A 00 00 00 00 01 01 06 00 02 1F 03 12 0A 00 00 00 FF FF 00 00 04 01 2A 00 04 00 00 00 00 30 DC 0C 00 00 00 00 08 98 19 08 00 00 00 00 00 27 02 87 A6 92 28 40 98 57 C5 22 ED D2 59 68 02 02 04 03 24 00 F7 FC 74 BE 7C 0B F3 49 91 47 01 F4 04 2E 68 42 A8 16 7A 71 53 A5 89 40 B3 63 21 F6 47 A9 23 44 7F FF 04 00 
6:276  0:000   Adding Key: fakesmc-key-#KEY-ui32: Size = 4, Data: 00 00 00 11 
6:276  0:000   Adding Key: fakesmc-key-$Adr-ui32: Size = 4, Data: 00 00 03 00 
6:276  0:000   Adding Key: fakesmc-key-$Num-ui8: Size = 1, Data: 01 
6:276  0:000   Adding Key: fakesmc-key-BATP-flag: Size = 1, Data: 00 
6:276  0:000   Adding Key: fakesmc-key-BBIN-ui8: Size = 1, Data: 01 
6:276  0:000   Adding Key: fakesmc-key-BEMB-flag: Size = 1, Data: 01 
6:276  0:000   Adding Key: fakesmc-key-BNum-ui8: Size = 1, Data: 01 
6:276  0:000   Adding Key: fakesmc-key-EPCI-ui32: Size = 4, Data: 06 40 07 00 
6:276  0:000   Adding Key: fakesmc-key-MSAc-ui16: Size = 2, Data: 00 00 
6:276  0:000   Adding Key: fakesmc-key-MSFW-ui8: Size = 2, Data: 01 00 
6:276  0:000   Adding Key: fakesmc-key-MSPS-ui16: Size = 2, Data: 00 03 
6:276  0:000   Adding Key: fakesmc-key-MSTc-ui8: Size = 1, Data: 00 
6:276  0:000   Adding Key: fakesmc-key-MSWr-ui8: Size = 1, Data: 00 
6:276  0:000   Adding Key: fakesmc-key-RBr -ch8*: Size = 8, Data: 64 32 00 69 00 00 00 00 
6:276  0:000   Adding Key: fakesmc-key-REV -ch8*: Size = 6, Data: 02 03 0F 00 00 36 
6:276  0:000   Adding Key: fakesmc-key-RMde-char: Size = 1, Data: 41 
6:276  0:000   Adding Key: fakesmc-key-RPlt-ch8*: Size = 8, Data: 64 32 00 69 00 00 00 00 
6:276  0:000   Adding Key: flagstate: Size = 32, Data: 00 00 00 00 00 00 00 00 00 00 00 00 00 00 00 00 00 00 00 00 00 00 00 00 00 00 00 00 00 00 00 00 
6:276  0:000   Adding Key: fmm-computer-name: Size = 20, Data: 49 76 61 6E E2 80 99 73 20 4D 61 63 42 6F 6F 6B 20 50 72 6F 
6:276  0:000   Adding Key: install-product-url: Size = 73, Data: 78 2D 6F 73 70 72 6F 64 75 63 74 3A 2F 2F 39 41 43 38 46 34 45 44 2D 39 43 46 39 2D 34 46 38 41 2D 41 39 31 45 2D 42 43 30 43 35 46 45 39 46 45 43 45 2F 6D 61 63 4F 53 25 32 30 49 6E 73 74 61 6C 6C 25 32 30 44 61 74 61 
6:276  0:000   Adding Key: platform-uuid: Size = 16, Data: 87 31 8F 42 78 75 4E 52 AA C8 C7 3E 0F 21 9C 7F 
6:276  0:000   Adding Key: prev-lang:kbd: Size = 4, Data: 65 6E 3A 30 
6:276  0:000   Adding Key: previous-system-uuid: Size = 36, Data: 39 41 43 38 46 34 45 44 2D 39 43 46 39 2D 34 46 38 41 2D 41 39 31 45 2D 42 43 30 43 35 46 45 39 46 45 43 45 
6:276  0:000   Adding Key: run-efi-updater: Size = 3, Data: 4E 6F 00 
6:276  0:000   Adding Key: security-mode: String: Size = 4, Val = 'none'
6:276  0:000   Adding Key: specialbootdevice: Size = 110, Data: 02 01 0C 00 D0 41 03 0A 00 00 00 00 01 01 06 00 02 1F 03 12 0A 00 00 00 FF FF 00 00 04 01 2A 00 04 00 00 00 00 30 DC 0C 00 00 00 00 08 98 19 08 00 00 00 00 00 27 02 87 A6 92 28 40 98 57 C5 22 ED D2 59 68 02 02 04 03 24 00 F7 FC 74 BE 7C 0B F3 49 91 47 01 F4 04 2E 68 42 A8 16 7A 71 53 A5 89 40 B3 63 21 F6 47 A9 23 44 7F FF 04 00 
6:276  0:000   Adding Key: wake-failure: Size = 5, Data: 00 00 00 00 00 
6:276  0:000  found 2 handles with audio
6:276  0:000  got index=0
6:276  0:000  got volume 70
6:276  0:000  Found Audio Device Realtek ALC270 (Speaker) at index 0
6:276  0:000  Found Audio Device Realtek ALC270 (Headphones) at index 1
6:276  0:000  Found Audio Device Intel Panther Point HDMI (HDMI) at index 2
6:276  0:000  === [ InitXTheme ] ==============================
6:276  0:000  use Daylight theme
6:276  0:000   using embedded theme
6:289  0:012    Channels: 2  Sample rate: 8000 Hz  Bits: 16
6:289  0:000  output to channel 0 with volume 70, len=25600
6:289  0:000   sound channels=2 bits=16 freq=8000
6:289  0:000  sound converted to 48kHz
7:550  1:260  sound play end with status=Success
7:553  0:002  Using embedded font
7:553  0:000  theme inited
7:553  0:000  Chosen embedded theme
7:553  0:000  found boot-args in NVRAM:-v keepsyms=1 alcid=21 -no_compat_check -v, size=42
7:553  0:000  ...found arg:-v
7:553  0:000  ...found arg:keepsyms=1
7:553  0:000  ...adding arg:keepsyms=1
7:553  0:000  ...found arg:alcid=21
7:553  0:000  ...found arg:-no_compat_check
7:553  0:000  ...found arg:-v
7:553  0:000  after NVRAM boot-args=-cdfon -v -f -igfxnohdmi -no_compat_check dart=0 kext-dev-mode=1 nv_disable=1 slide=0 alcid=21 keepsyms=1 
7:553  0:000  Scanning legacy ...
7:553  0:000  IconName=vista,win comma=5 size=9
7:553  0:000    first=os_vista
7:553  0:000    Second=os_win
7:553  0:000  === [ Dump SMC keys from NVRAM ] ================
7:553  0:000  found AppleSMC protocol
7:554  0:000  Registered 17 SMC keys
7:554  0:000  === [ AddCustomEntries ] ========================
7:554  0:000      Checking volume "EFI" (PciRoot(0x0)\Pci(0x1F,0x2)\Sata(0x0,0xFFFF,0x0)\HD(1,GPT,000003F7-A590-5D8A-B9EC-D501EE070000,0x800,0x64000)) ... skipped because path does not exist
7:554  0:000      Checking volume "Preboot" (PciRoot(0x0)\Pci(0x1F,0x2)\Sata(0x0,0xFFFF,0x0)\HD(4,GPT,87022700-92A6-4028-9857-C522EDD25968,0xCDC3000,0x8199808)\VenMedia(BE74FCF7-0B7C-49F3-9147-01F4042E6842,8E96CE286CD8364C8445EB2364807D45)) ... skipped because volume is hidden
7:554  0:000      Checking volume "RED - Data" (PciRoot(0x0)\Pci(0x1F,0x2)\Sata(0x0,0xFFFF,0x0)\HD(4,GPT,87022700-92A6-4028-9857-C522EDD25968,0xCDC3000,0x8199808)\VenMedia(BE74FCF7-0B7C-49F3-9147-01F4042E6842,355F5313E5D10F4082858FEB70F095F5)) ... skipped because path does not exist
7:554  0:000      Checking volume "Recovery" (PciRoot(0x0)\Pci(0x1F,0x2)\Sata(0x0,0xFFFF,0x0)\HD(4,GPT,87022700-92A6-4028-9857-C522EDD25968,0xCDC3000,0x8199808)\VenMedia(BE74FCF7-0B7C-49F3-9147-01F4042E6842,D26009B44CBEDE4FB170420E49C5BDB9)) ... skipped because path does not exist
7:554  0:000      Checking volume "VM" (PciRoot(0x0)\Pci(0x1F,0x2)\Sata(0x0,0xFFFF,0x0)\HD(4,GPT,87022700-92A6-4028-9857-C522EDD25968,0xCDC3000,0x8199808)\VenMedia(BE74FCF7-0B7C-49F3-9147-01F4042E6842,88C671669BA0D54095245081DE8C8910)) ... skipped because path does not exist
7:554  0:000      Checking volume "RED" (PciRoot(0x0)\Pci(0x1F,0x2)\Sata(0x0,0xFFFF,0x0)\HD(4,GPT,87022700-92A6-4028-9857-C522EDD25968,0xCDC3000,0x8199808)\VenMedia(BE74FCF7-0B7C-49F3-9147-01F4042E6842,A8167A7153A58940B36321F647A92344)) ... skipped because path does not exist
7:554  0:000      Checking volume "EFI" (PciRoot(0x0)\Pci(0x1F,0x2)\Sata(0x0,0xFFFF,0x0)\HD(1,GPT,000003F7-A590-5D8A-B9EC-D501EE070000,0x800,0x64000)) ... match!
7:554  0:000  IconName=vista,win comma=5 size=9
7:554  0:000    first=os_vista
7:554  0:000    Second=os_win
7:554  0:000      Loader entry created for 'PciRoot(0x0)\Pci(0x1F,0x2)\Sata(0x0,0xFFFF,0x0)\HD(1,GPT,000003F7-A590-5D8A-B9EC-D501EE070000,0x800,0x64000)\EFI\Microsoft\Boot\bootmgfw.efi'
7:554  0:000  Custom settings: .plist will  be applied
7:554  0:000      Checking volume "Preboot" (PciRoot(0x0)\Pci(0x1F,0x2)\Sata(0x0,0xFFFF,0x0)\HD(4,GPT,87022700-92A6-4028-9857-C522EDD25968,0xCDC3000,0x8199808)\VenMedia(BE74FCF7-0B7C-49F3-9147-01F4042E6842,8E96CE286CD8364C8445EB2364807D45)) ... skipped because volume is hidden
7:554  0:000      Checking volume "RED - Data" (PciRoot(0x0)\Pci(0x1F,0x2)\Sata(0x0,0xFFFF,0x0)\HD(4,GPT,87022700-92A6-4028-9857-C522EDD25968,0xCDC3000,0x8199808)\VenMedia(BE74FCF7-0B7C-49F3-9147-01F4042E6842,355F5313E5D10F4082858FEB70F095F5)) ... skipped because path does not exist
7:554  0:000      Checking volume "Recovery" (PciRoot(0x0)\Pci(0x1F,0x2)\Sata(0x0,0xFFFF,0x0)\HD(4,GPT,87022700-92A6-4028-9857-C522EDD25968,0xCDC3000,0x8199808)\VenMedia(BE74FCF7-0B7C-49F3-9147-01F4042E6842,D26009B44CBEDE4FB170420E49C5BDB9)) ... skipped because path does not exist
7:554  0:000      Checking volume "VM" (PciRoot(0x0)\Pci(0x1F,0x2)\Sata(0x0,0xFFFF,0x0)\HD(4,GPT,87022700-92A6-4028-9857-C522EDD25968,0xCDC3000,0x8199808)\VenMedia(BE74FCF7-0B7C-49F3-9147-01F4042E6842,88C671669BA0D54095245081DE8C8910)) ... skipped because path does not exist
7:554  0:000      Checking volume "RED" (PciRoot(0x0)\Pci(0x1F,0x2)\Sata(0x0,0xFFFF,0x0)\HD(4,GPT,87022700-92A6-4028-9857-C522EDD25968,0xCDC3000,0x8199808)\VenMedia(BE74FCF7-0B7C-49F3-9147-01F4042E6842,A8167A7153A58940B36321F647A92344)) ... skipped because path does not exist
7:554  0:000  === [ ScanLoader ] ==============================
7:554  0:000  - [01]: 'EFI'
7:568  0:013          AddLoaderEntry for Volume Name=EFI
7:568  0:000       skipped because path `PciRoot(0x0)\Pci(0x1F,0x2)\Sata(0x0,0xFFFF,0x0)\HD(1,GPT,000003F7-A590-5D8A-B9EC-D501EE070000,0x800,0x64000)\EFI\microsoft\Boot\bootmgfw.efi` already exists for another entry!
7:573  0:005    found entry ubuntu,linux
7:573  0:000          AddLoaderEntry for Volume Name=EFI
7:573  0:000   linux image not found
7:573  0:000  IconName=linux comma=-1 size=5
7:573  0:000    Full=linux
7:573  0:000      Loader entry created for 'PciRoot(0x0)\Pci(0x1F,0x2)\Sata(0x0,0xFFFF,0x0)\HD(1,GPT,000003F7-A590-5D8A-B9EC-D501EE070000,0x800,0x64000)\EFI\ubuntu\grubx64.efi'
7:574  0:000          AddLoaderEntry for Volume Name=EFI
7:574  0:000          skipped because entry is hidden
7:574  0:000  - [05]: 'Preboot', hidden
7:574  0:000  - [06]: 'RED - Data'
7:578  0:004  - [07]: 'Recovery'
7:578  0:000          AddLoaderEntry for Volume Name=Recovery
7:582  0:004  IconName=cata,mac comma=4 size=8
7:582  0:000    first=os_cata
7:582  0:000    Second=os_mac
7:582  0:000      Loader entry created for 'PciRoot(0x0)\Pci(0x1F,0x2)\Sata(0x0,0xFFFF,0x0)\HD(4,GPT,87022700-92A6-4028-9857-C522EDD25968,0xCDC3000,0x8199808)\VenMedia(BE74FCF7-0B7C-49F3-9147-01F4042E6842,D26009B44CBEDE4FB170420E49C5BDB9)\717A16A8-A553-4089-B363-21F647A92344\boot.efi'
7:583  0:000  - [08]: 'VM'
7:583  0:000  - [09]: 'RED'
7:604  0:021          AddLoaderEntry for Volume Name=RED
7:610  0:005      hibernated: set as never
7:610  0:000  IconName=cata,mac comma=4 size=8
7:610  0:000    first=os_cata
7:610  0:000    Second=os_mac
7:610  0:000      Loader entry created for 'PciRoot(0x0)\Pci(0x1F,0x2)\Sata(0x0,0xFFFF,0x0)\HD(4,GPT,87022700-92A6-4028-9857-C522EDD25968,0xCDC3000,0x8199808)\VenMedia(BE74FCF7-0B7C-49F3-9147-01F4042E6842,A8167A7153A58940B36321F647A92344)\System\Library\CoreServices\boot.efi'
7:610  0:000  === [ AddCustomTool ] ===========================
7:612  0:001  EmuVariable UninstallEmulation: CloseEvent = Success, original var services restored
7:612  0:000  EmuVariable InstallEmulation: orig vars copied, emu.var.services installed, CreateEvent VirtualAddressChange = Success, CreateEvent ExitBootServices = Success, set Status=Success
7:621  0:008  === [ GetEfiBootDeviceFromNvram ] ===============
7:621  0:000   - efi-boot-device-data: PciRoot(0x0)\Pci(0x1F,0x2)\Sata(0x0,0xFFFF,0x0)\HD(4,GPT,87022700-92A6-4028-9857-C522EDD25968,0xCDC3000,0x8199808)\VenMedia(BE74FCF7-0B7C-49F3-9147-01F4042E6842,A8167A7153A58940B36321F647A92344)
7:621  0:000    - Volume: 'PciRoot(0x0)\Pci(0x1F,0x2)\Sata(0x0,0xFFFF,0x0)\HD(4,GPT,87022700-92A6-4028-9857-C522EDD25968,0xCDC3000,0x8199808)\VenMedia(BE74FCF7-0B7C-49F3-9147-01F4042E6842,A8167A7153A58940B36321F647A92344)'
7:621  0:000    - LoaderPath: ''
7:621  0:000    - Guid = 87022700-92A6-4028-9857-C522EDD25968
7:621  0:000  === [ FindStartupDiskVolume ] ===================
7:621  0:000    - Volume: partition = PciRoot(0x0)\Pci(0x1F,0x2)\Sata(0x0,0xFFFF,0x0)\HD(4,GPT,87022700-92A6-4028-9857-C522EDD25968,0xCDC3000,0x8199808)\VenMedia(BE74FCF7-0B7C-49F3-9147-01F4042E6842,A8167A7153A58940B36321F647A92344)
7:621  0:000     - searching for that partition
7:621  0:000      - found entry 4. 'Boot macOS from RED', Volume 'RED'
7:621  0:000  Boot redirected to Entry 4. 'Boot macOS from RED'
7:621  0:000  EmuVariable UninstallEmulation: CloseEvent = Success, original var services restored
7:621  0:000  BannerPlace at Clear Screen [448,68]
7:654  0:032  AnimeRun=0
8:197  0:543  GUI ready
10:851  2:653  BootVariable of the entry is empty
10:851  0:000  === [ StartLoader ] =============================
10:851  0:000  Finally: ExternalClock=25MHz BusSpeed=99774kHz CPUFreq=2295MHz PIS: hw.busfrequency=100000000Hz
10:851  0:000  start loader
10:851  0:000  Loading bootmgfw.efi  status=Success
11:091  0:240  Closing events for Windows
11:091  0:000  EmuVariable UninstallEmulation: CloseEvent = Invalid Parameter, original var services restored
11:091  0:000  OtherOS: Found Acpi 2.0 RSDP 0xBE88F000
11:091  0:000  RSDT at 0xBE88F028
11:091  0:000  XSDT at 0xBE88F078
11:091  0:000  FADT pointer = 0xBE8A0358
11:093  0:001  === [ ACPIDropTables ] ==========================
11:093  0:000  Cleanup RSDT: count=10, length=76
11:093  0:000  corrected RSDT: count=10, length=76
11:093  0:000  Cleanup XSDT: count=10, length=116
11:093  0:000  corrected XSDT count=10, length=116
11:093  0:000  SetStartupDiskVolume:
11:093  0:000    * Volume: 'EFI'
11:093  0:000    * LoaderPath: '\EFI\Microsoft\Boot\bootmgfw.efi'
11:093  0:000    * DevPath: EFI
11:093  0:000    * GUID = 000003F7-A590-5D8A-B9EC-D501EE070000
11:093  0:000    * efi-boot-device: <array><dict><key>IOMatch</key><dict><key>IOProviderClass</key><string>IOMedia</string><key>IOPropertyMatch</key><dict><key>UUID</key><string>000003F7-A590-5D8A-B9EC-D501EE070000</string></dict></dict></dict></array>
11:093  0:000  Closing log
